  Alien.cpp
D:\Learning\SEMESTER-STUDYING\ObjectOriendtedProgramming\CrossingRoad\CrossTheRoad\Alien.cpp(11,25): warning C4267: '=': conversion from 'size_t' to 'int', possible loss of data
  Animal.cpp
  Bird.cpp
D:\Learning\SEMESTER-STUDYING\ObjectOriendtedProgramming\CrossingRoad\CrossTheRoad\Bird.cpp(11,25): warning C4267: '=': conversion from 'size_t' to 'int', possible loss of data
  CGame.cpp
D:\Learning\SEMESTER-STUDYING\ObjectOriendtedProgramming\CrossingRoad\CrossTheRoad\CGame.cpp(437,65): warning C4267: 'argument': conversion from 'size_t' to 'int', possible loss of data
D:\Learning\SEMESTER-STUDYING\ObjectOriendtedProgramming\CrossingRoad\CrossTheRoad\CGame.cpp(437,165): warning C4267: 'argument': conversion from 'size_t' to 'int', possible loss of data
D:\Learning\SEMESTER-STUDYING\ObjectOriendtedProgramming\CrossingRoad\CrossTheRoad\CGame.cpp(443,65): warning C4267: 'argument': conversion from 'size_t' to 'int', possible loss of data
D:\Learning\SEMESTER-STUDYING\ObjectOriendtedProgramming\CrossingRoad\CrossTheRoad\CGame.cpp(443,170): warning C4267: 'argument': conversion from 'size_t' to 'int', possible loss of data
D:\Learning\SEMESTER-STUDYING\ObjectOriendtedProgramming\CrossingRoad\CrossTheRoad\CGame.cpp(446,65): warning C4267: 'argument': conversion from 'size_t' to 'int', possible loss of data
D:\Learning\SEMESTER-STUDYING\ObjectOriendtedProgramming\CrossingRoad\CrossTheRoad\CGame.cpp(446,170): warning C4267: 'argument': conversion from 'size_t' to 'int', possible loss of data
D:\Learning\SEMESTER-STUDYING\ObjectOriendtedProgramming\CrossingRoad\CrossTheRoad\CGame.cpp(447,72): warning C4267: 'argument': conversion from 'size_t' to 'int', possible loss of data
D:\Learning\SEMESTER-STUDYING\ObjectOriendtedProgramming\CrossingRoad\CrossTheRoad\CGame.cpp(449,65): warning C4267: 'argument': conversion from 'size_t' to 'int', possible loss of data
D:\Learning\SEMESTER-STUDYING\ObjectOriendtedProgramming\CrossingRoad\CrossTheRoad\CGame.cpp(449,170): warning C4267: 'argument': conversion from 'size_t' to 'int', possible loss of data
  Car.cpp
D:\Learning\SEMESTER-STUDYING\ObjectOriendtedProgramming\CrossingRoad\CrossTheRoad\Car.cpp(12,25): warning C4267: '=': conversion from 'size_t' to 'int', possible loss of data
  Data.cpp
  Menu.cpp
D:\Learning\SEMESTER-STUDYING\ObjectOriendtedProgramming\CrossingRoad\CrossTheRoad\Menu.cpp(435,66): warning C4267: 'argument': conversion from 'size_t' to 'int', possible loss of data
D:\Learning\SEMESTER-STUDYING\ObjectOriendtedProgramming\CrossingRoad\CrossTheRoad\Menu.cpp(462,83): warning C4267: 'argument': conversion from 'size_t' to 'int', possible loss of data
D:\Learning\SEMESTER-STUDYING\ObjectOriendtedProgramming\CrossingRoad\CrossTheRoad\Menu.cpp(463,87): warning C4267: 'argument': conversion from 'size_t' to 'int', possible loss of data
D:\Learning\SEMESTER-STUDYING\ObjectOriendtedProgramming\CrossingRoad\CrossTheRoad\Menu.cpp(464,84): warning C4267: 'argument': conversion from 'size_t' to 'int', possible loss of data
D:\Learning\SEMESTER-STUDYING\ObjectOriendtedProgramming\CrossingRoad\CrossTheRoad\Menu.cpp(486,70): warning C4267: 'argument': conversion from 'size_t' to 'int', possible loss of data
D:\Learning\SEMESTER-STUDYING\ObjectOriendtedProgramming\CrossingRoad\CrossTheRoad\Menu.cpp(486,159): warning C4267: 'argument': conversion from 'size_t' to 'int', possible loss of data
D:\Learning\SEMESTER-STUDYING\ObjectOriendtedProgramming\CrossingRoad\CrossTheRoad\Menu.cpp(487,62): warning C4267: 'argument': conversion from 'size_t' to 'int', possible loss of data
D:\Learning\SEMESTER-STUDYING\ObjectOriendtedProgramming\CrossingRoad\CrossTheRoad\Menu.cpp(487,149): warning C4267: 'argument': conversion from 'size_t' to 'int', possible loss of data
D:\Learning\SEMESTER-STUDYING\ObjectOriendtedProgramming\CrossingRoad\CrossTheRoad\Menu.cpp(490,17): warning C4244: 'initializing': conversion from 'double' to 'int', possible loss of data
D:\Learning\SEMESTER-STUDYING\ObjectOriendtedProgramming\CrossingRoad\CrossTheRoad\Menu.cpp(551,70): warning C4267: 'argument': conversion from 'size_t' to 'int', possible loss of data
D:\Learning\SEMESTER-STUDYING\ObjectOriendtedProgramming\CrossingRoad\CrossTheRoad\Menu.cpp(551,159): warning C4267: 'argument': conversion from 'size_t' to 'int', possible loss of data
D:\Learning\SEMESTER-STUDYING\ObjectOriendtedProgramming\CrossingRoad\CrossTheRoad\Menu.cpp(552,60): warning C4267: 'argument': conversion from 'size_t' to 'int', possible loss of data
D:\Learning\SEMESTER-STUDYING\ObjectOriendtedProgramming\CrossingRoad\CrossTheRoad\Menu.cpp(552,138): warning C4267: 'argument': conversion from 'size_t' to 'int', possible loss of data
D:\Learning\SEMESTER-STUDYING\ObjectOriendtedProgramming\CrossingRoad\CrossTheRoad\Menu.cpp(559,64): warning C4267: 'argument': conversion from 'size_t' to 'int', possible loss of data
D:\Learning\SEMESTER-STUDYING\ObjectOriendtedProgramming\CrossingRoad\CrossTheRoad\Menu.cpp(559,167): warning C4267: 'argument': conversion from 'size_t' to 'int', possible loss of data
D:\Learning\SEMESTER-STUDYING\ObjectOriendtedProgramming\CrossingRoad\CrossTheRoad\Menu.cpp(561,65): warning C4267: 'argument': conversion from 'size_t' to 'int', possible loss of data
D:\Learning\SEMESTER-STUDYING\ObjectOriendtedProgramming\CrossingRoad\CrossTheRoad\Menu.cpp(561,182): warning C4267: 'argument': conversion from 'size_t' to 'int', possible loss of data
D:\Learning\SEMESTER-STUDYING\ObjectOriendtedProgramming\CrossingRoad\CrossTheRoad\Menu.cpp(594,66): warning C4267: 'argument': conversion from 'size_t' to 'int', possible loss of data
D:\Learning\SEMESTER-STUDYING\ObjectOriendtedProgramming\CrossingRoad\CrossTheRoad\Menu.cpp(594,147): warning C4267: 'argument': conversion from 'size_t' to 'int', possible loss of data
D:\Learning\SEMESTER-STUDYING\ObjectOriendtedProgramming\CrossingRoad\CrossTheRoad\Menu.cpp(595,60): warning C4267: 'argument': conversion from 'size_t' to 'int', possible loss of data
D:\Learning\SEMESTER-STUDYING\ObjectOriendtedProgramming\CrossingRoad\CrossTheRoad\Menu.cpp(595,138): warning C4267: 'argument': conversion from 'size_t' to 'int', possible loss of data
D:\Learning\SEMESTER-STUDYING\ObjectOriendtedProgramming\CrossingRoad\CrossTheRoad\Menu.cpp(601,60): warning C4267: 'argument': conversion from 'size_t' to 'int', possible loss of data
D:\Learning\SEMESTER-STUDYING\ObjectOriendtedProgramming\CrossingRoad\CrossTheRoad\Menu.cpp(601,163): warning C4267: 'argument': conversion from 'size_t' to 'int', possible loss of data
D:\Learning\SEMESTER-STUDYING\ObjectOriendtedProgramming\CrossingRoad\CrossTheRoad\Menu.cpp(602,60): warning C4267: 'argument': conversion from 'size_t' to 'int', possible loss of data
D:\Learning\SEMESTER-STUDYING\ObjectOriendtedProgramming\CrossingRoad\CrossTheRoad\Menu.cpp(602,163): warning C4267: 'argument': conversion from 'size_t' to 'int', possible loss of data
D:\Learning\SEMESTER-STUDYING\ObjectOriendtedProgramming\CrossingRoad\CrossTheRoad\Menu.cpp(603,60): warning C4267: 'argument': conversion from 'size_t' to 'int', possible loss of data
D:\Learning\SEMESTER-STUDYING\ObjectOriendtedProgramming\CrossingRoad\CrossTheRoad\Menu.cpp(603,163): warning C4267: 'argument': conversion from 'size_t' to 'int', possible loss of data
D:\Learning\SEMESTER-STUDYING\ObjectOriendtedProgramming\CrossingRoad\CrossTheRoad\Menu.cpp(606,61): warning C4267: 'argument': conversion from 'size_t' to 'int', possible loss of data
D:\Learning\SEMESTER-STUDYING\ObjectOriendtedProgramming\CrossingRoad\CrossTheRoad\Menu.cpp(606,168): warning C4267: 'argument': conversion from 'size_t' to 'int', possible loss of data
D:\Learning\SEMESTER-STUDYING\ObjectOriendtedProgramming\CrossingRoad\CrossTheRoad\Menu.cpp(609,61): warning C4267: 'argument': conversion from 'size_t' to 'int', possible loss of data
D:\Learning\SEMESTER-STUDYING\ObjectOriendtedProgramming\CrossingRoad\CrossTheRoad\Menu.cpp(609,168): warning C4267: 'argument': conversion from 'size_t' to 'int', possible loss of data
D:\Learning\SEMESTER-STUDYING\ObjectOriendtedProgramming\CrossingRoad\CrossTheRoad\Menu.cpp(697,162): warning C4267: 'argument': conversion from 'size_t' to 'int', possible loss of data
D:\Learning\SEMESTER-STUDYING\ObjectOriendtedProgramming\CrossingRoad\CrossTheRoad\Menu.cpp(697,201): warning C4267: 'argument': conversion from 'size_t' to 'int', possible loss of data
D:\Learning\SEMESTER-STUDYING\ObjectOriendtedProgramming\CrossingRoad\CrossTheRoad\Menu.cpp(728,162): warning C4267: 'argument': conversion from 'size_t' to 'int', possible loss of data
D:\Learning\SEMESTER-STUDYING\ObjectOriendtedProgramming\CrossingRoad\CrossTheRoad\Menu.cpp(728,201): warning C4267: 'argument': conversion from 'size_t' to 'int', possible loss of data
D:\Learning\SEMESTER-STUDYING\ObjectOriendtedProgramming\CrossingRoad\CrossTheRoad\Menu.cpp(758,185): warning C4267: 'argument': conversion from 'size_t' to 'int', possible loss of data
D:\Learning\SEMESTER-STUDYING\ObjectOriendtedProgramming\CrossingRoad\CrossTheRoad\Menu.cpp(758,228): warning C4267: 'argument': conversion from 'size_t' to 'int', possible loss of data
D:\Learning\SEMESTER-STUDYING\ObjectOriendtedProgramming\CrossingRoad\CrossTheRoad\Menu.cpp(774,62): warning C4267: 'argument': conversion from 'size_t' to 'int', possible loss of data
D:\Learning\SEMESTER-STUDYING\ObjectOriendtedProgramming\CrossingRoad\CrossTheRoad\Menu.cpp(774,141): warning C4267: 'argument': conversion from 'size_t' to 'int', possible loss of data
D:\Learning\SEMESTER-STUDYING\ObjectOriendtedProgramming\CrossingRoad\CrossTheRoad\Menu.cpp(801,64): warning C4267: 'argument': conversion from 'size_t' to 'int', possible loss of data
D:\Learning\SEMESTER-STUDYING\ObjectOriendtedProgramming\CrossingRoad\CrossTheRoad\Menu.cpp(801,141): warning C4267: 'argument': conversion from 'size_t' to 'int', possible loss of data
D:\Learning\SEMESTER-STUDYING\ObjectOriendtedProgramming\CrossingRoad\CrossTheRoad\Menu.cpp(802,54): warning C4267: 'argument': conversion from 'size_t' to 'int', possible loss of data
D:\Learning\SEMESTER-STUDYING\ObjectOriendtedProgramming\CrossingRoad\CrossTheRoad\Menu.cpp(802,123): warning C4267: 'argument': conversion from 'size_t' to 'int', possible loss of data
D:\Learning\SEMESTER-STUDYING\ObjectOriendtedProgramming\CrossingRoad\CrossTheRoad\Menu.cpp(803,54): warning C4267: 'argument': conversion from 'size_t' to 'int', possible loss of data
D:\Learning\SEMESTER-STUDYING\ObjectOriendtedProgramming\CrossingRoad\CrossTheRoad\Menu.cpp(803,123): warning C4267: 'argument': conversion from 'size_t' to 'int', possible loss of data
  Player.cpp
D:\Learning\SEMESTER-STUDYING\ObjectOriendtedProgramming\CrossingRoad\CrossTheRoad\Player.cpp(6,25): warning C4267: '=': conversion from 'size_t' to 'int', possible loss of data
  Source.cpp
  Trafficlight.cpp
  Van.cpp
D:\Learning\SEMESTER-STUDYING\ObjectOriendtedProgramming\CrossingRoad\CrossTheRoad\Van.cpp(8,25): warning C4267: '=': conversion from 'size_t' to 'int', possible loss of data
  Vehicle.cpp
  Window.cpp
D:\Learning\SEMESTER-STUDYING\ObjectOriendtedProgramming\CrossingRoad\CrossTheRoad\Window.cpp(58,18): warning C4838: conversion from 'int' to 'SHORT' requires a narrowing conversion
D:\Learning\SEMESTER-STUDYING\ObjectOriendtedProgramming\CrossingRoad\CrossTheRoad\Window.cpp(58,21): warning C4838: conversion from 'int' to 'SHORT' requires a narrowing conversion
D:\Learning\SEMESTER-STUDYING\ObjectOriendtedProgramming\CrossingRoad\CrossTheRoad\Window.cpp(89,20): warning C4244: '=': conversion from 'double' to 'int', possible loss of data
D:\Learning\SEMESTER-STUDYING\ObjectOriendtedProgramming\CrossingRoad\CrossTheRoad\Window.cpp(91,45): warning C4244: '=': conversion from 'double' to 'int', possible loss of data
D:\Learning\SEMESTER-STUDYING\ObjectOriendtedProgramming\CrossingRoad\CrossTheRoad\Window.cpp(250,27): warning C4267: 'initializing': conversion from 'size_t' to 'int', possible loss of data
D:\Learning\SEMESTER-STUDYING\ObjectOriendtedProgramming\CrossingRoad\CrossTheRoad\Window.cpp(253,25): warning C4267: '=': conversion from 'size_t' to 'int', possible loss of data
D:\Learning\SEMESTER-STUDYING\ObjectOriendtedProgramming\CrossingRoad\CrossTheRoad\Window.cpp(274,37): warning C4267: 'return': conversion from 'size_t' to 'int', possible loss of data
D:\Learning\SEMESTER-STUDYING\ObjectOriendtedProgramming\CrossingRoad\CrossTheRoad\Window.cpp(292,12): warning C4244: 'argument': conversion from 'time_t' to 'unsigned int', possible loss of data
  Generating Code...
D:\Learning\SEMESTER-STUDYING\ObjectOriendtedProgramming\CrossingRoad\CrossTheRoad\Bird.cpp(124): warning C4715: 'Bird::isImpact': not all control paths return a value
D:\Learning\SEMESTER-STUDYING\ObjectOriendtedProgramming\CrossingRoad\CrossTheRoad\Alien.cpp(106): warning C4715: 'Alien::isImpact': not all control paths return a value
  CrossTheRoad.vcxproj -> D:\Learning\SEMESTER-STUDYING\ObjectOriendtedProgramming\CrossingRoad\x64\Debug\CrossTheRoad.exe
