  Alien.cpp
C:\Users\anhta\Downloads\CrossingGame-ThongLai (1)\CrossingGame-ThongLai\AnimalCrossing\AnimalCrossing\Alien.cpp(13,17): warning C4018: '<': signed/unsigned mismatch
  Animal.cpp
  Bird.cpp
C:\Users\anhta\Downloads\CrossingGame-ThongLai (1)\CrossingGame-ThongLai\AnimalCrossing\AnimalCrossing\Bird.cpp(13,17): warning C4018: '<': signed/unsigned mismatch
  Car.cpp
  CGame.cpp
  Menu.cpp
  Player.cpp
C:\Users\anhta\Downloads\CrossingGame-ThongLai (1)\CrossingGame-ThongLai\AnimalCrossing\AnimalCrossing\Player.cpp(9,17): warning C4018: '<': signed/unsigned mismatch
C:\Users\anhta\Downloads\CrossingGame-ThongLai (1)\CrossingGame-ThongLai\AnimalCrossing\AnimalCrossing\Player.cpp(78,2): error C3861: 'draw': identifier not found
C:\Users\anhta\Downloads\CrossingGame-ThongLai (1)\CrossingGame-ThongLai\AnimalCrossing\AnimalCrossing\Player.cpp(85,2): error C3861: 'draw': identifier not found
C:\Users\anhta\Downloads\CrossingGame-ThongLai (1)\CrossingGame-ThongLai\AnimalCrossing\AnimalCrossing\Player.cpp(92,2): error C3861: 'draw': identifier not found
C:\Users\anhta\Downloads\CrossingGame-ThongLai (1)\CrossingGame-ThongLai\AnimalCrossing\AnimalCrossing\Player.cpp(99,2): error C3861: 'draw': identifier not found
  Source.cpp
  Trafficlight.cpp
  Vans.cpp
C:\Users\anhta\Downloads\CrossingGame-ThongLai (1)\CrossingGame-ThongLai\AnimalCrossing\AnimalCrossing\Vans.cpp(10,17): warning C4018: '<': signed/unsigned mismatch
  Vehicle.cpp
  Window.cpp
C:\Users\anhta\Downloads\CrossingGame-ThongLai (1)\CrossingGame-ThongLai\AnimalCrossing\AnimalCrossing\Window.cpp(53,18): warning C4838: conversion from 'int' to 'SHORT' requires a narrowing conversion
C:\Users\anhta\Downloads\CrossingGame-ThongLai (1)\CrossingGame-ThongLai\AnimalCrossing\AnimalCrossing\Window.cpp(53,21): warning C4838: conversion from 'int' to 'SHORT' requires a narrowing conversion
  Generating Code...
C:\Users\anhta\Downloads\CrossingGame-ThongLai (1)\CrossingGame-ThongLai\AnimalCrossing\AnimalCrossing\Vans.cpp(133): warning C4715: 'Vans::isImpact': not all control paths return a value
C:\Users\anhta\Downloads\CrossingGame-ThongLai (1)\CrossingGame-ThongLai\AnimalCrossing\AnimalCrossing\Bird.cpp(124): warning C4715: 'Bird::isImpact': not all control paths return a value
C:\Users\anhta\Downloads\CrossingGame-ThongLai (1)\CrossingGame-ThongLai\AnimalCrossing\AnimalCrossing\Alien.cpp(120): warning C4715: 'Alien::isImpact': not all control paths return a value
